<?xml version="1.0" encoding="UTF-8"?>
<!-- Generated by org.testng.reporters.JUnitReportReporter -->
<testsuite skipped="0" hostname="Lenovo-PC" name="com.qa.hubspot.tests.ConstactsPageTest" tests="2" failures="0" timestamp="2020-09-09T22:46:42 EDT" time="10.653" errors="0">
  <testcase name="createContactTest" time="10.642" classname="com.qa.hubspot.tests.ConstactsPageTest"/>
  <system-out/>
  <testcase name="verifyContactsPageTitleTest" time="0.011" classname="com.qa.hubspot.tests.ConstactsPageTest"/>
  <system-out/>
</testsuite> <!-- com.qa.hubspot.tests.ConstactsPageTest -->
