<?xml version="1.0" encoding="UTF-8"?>
<!-- Generated by org.testng.reporters.JUnitReportReporter -->
<testsuite skipped="0" hostname="Lenovo-PC" name="com.qa.hubspot.tests.LoginPageTest" tests="3" failures="0" timestamp="2020-09-09T10:28:00 EDT" time="7.024" errors="0">
  <testcase name="verifySignupLinkTest" time="5.872" classname="com.qa.hubspot.tests.LoginPageTest"/>
  <system-out/>
  <testcase name="verifyLoginPageTitle" time="0.014" classname="com.qa.hubspot.tests.LoginPageTest"/>
  <system-out/>
  <testcase name="loginTest" time="1.138" classname="com.qa.hubspot.tests.LoginPageTest"/>
  <system-out/>
</testsuite> <!-- com.qa.hubspot.tests.LoginPageTest -->
