<?xml version="1.0" encoding="UTF-8"?>
<!-- Generated by org.testng.reporters.JUnitReportReporter -->
<testsuite skipped="2" hostname="Lenovo-PC" name="com.qa.hubspot.tests.LoginPageTest" tests="3" failures="0" timestamp="2020-09-25T16:01:42 EDT" time="6.324" errors="0">
  <testcase name="verifySignupLinkTest" time="6.324" classname="com.qa.hubspot.tests.LoginPageTest"/>
  <system-out/>
  <testcase name="verifyLoginPageTitle" classname="com.qa.hubspot.tests.LoginPageTest">
    <skipped/>
  </testcase> <!-- verifyLoginPageTitle -->
  <system-out/>
  <testcase name="loginTest" classname="com.qa.hubspot.tests.LoginPageTest">
    <skipped/>
  </testcase> <!-- loginTest -->
  <system-out/>
</testsuite> <!-- com.qa.hubspot.tests.LoginPageTest -->
